[debug] [2020-02-21T18:26:37.803Z] ----------------------------------------------------------------------
[debug] [2020-02-21T18:26:37.806Z] Command:       C:\Program Files\nodejs\node.exe C:\Users\ag383\AppData\Roaming\npm\node_modules\firebase-tools\lib\bin\firebase.js init
[debug] [2020-02-21T18:26:37.806Z] CLI Version:   7.13.1
[debug] [2020-02-21T18:26:37.806Z] Platform:      win32
[debug] [2020-02-21T18:26:37.806Z] Node Version:  v10.16.0
[debug] [2020-02-21T18:26:37.807Z] Time:          Fri Feb 21 2020 23:56:37 GMT+0530 (India Standard Time)
[debug] [2020-02-21T18:26:37.807Z] ----------------------------------------------------------------------
[debug] [2020-02-21T18:26:37.807Z] 
[debug] [2020-02-21T18:26:37.818Z] > command requires scopes: ["email","openid","https://www.googleapis.com/auth/cloudplatformprojects.readonly","https://www.googleapis.com/auth/firebase","https://www.googleapis.com/auth/cloud-platform"]
[debug] [2020-02-21T18:26:37.819Z] > authorizing via signed-in user
[info] 
     ######## #### ########  ######## ########     ###     ######  ########
     ##        ##  ##     ## ##       ##     ##  ##   ##  ##       ##
     ######    ##  ########  ######   ########  #########  ######  ######
     ##        ##  ##    ##  ##       ##     ## ##     ##       ## ##
     ##       #### ##     ## ######## ########  ##     ##  ######  ########

You're about to initialize a Firebase project in this directory:

  C:\Users\ag383\OneDrive\Desktop\Project\LibMs

[info] 
=== Project Setup
[info] 
[info] First, let's associate this project directory with a Firebase project.
[info] You can create multiple project aliases by running firebase use --add, 
[info] but for now we'll just set up a default project.
[info] 
[debug] [2020-02-21T18:27:24.710Z] > refreshing access token with scopes: ["email","https://www.googleapis.com/auth/cloud-platform","https://www.googleapis.com/auth/cloudplatformprojects.readonly","https://www.googleapis.com/auth/firebase","openid"]
[debug] [2020-02-21T18:27:24.711Z] >>> HTTP REQUEST POST https://www.googleapis.com/oauth2/v3/token  
 <request body omitted>
[debug] [2020-02-21T18:27:25.423Z] <<< HTTP RESPONSE 200
[debug] [2020-02-21T18:27:25.575Z] >>> HTTP REQUEST GET https://firebase.googleapis.com/v1beta1/projects?pageSize=100  
 
[debug] [2020-02-21T18:27:26.652Z] <<< HTTP RESPONSE 200
[info] i  Using project sgp-library (Sgp-library)
[info] 
=== Hosting Setup
[info] 
[info] Your public directory is the folder (relative to your project directory) that
[info] will contain Hosting assets to be uploaded with firebase deploy. If you
[info] have a build process for your assets, use your build's output directory.
[info] 
